0 info it worked if it ends with ok
1 verbose cli [ '/usr/bin/nodejs', '/usr/bin/npm', 'run', 'watch-client' ]
2 info using npm@3.8.6
3 info using node@v6.0.0
4 verbose run-script [ 'prewatch-client', 'watch-client', 'postwatch-client' ]
5 info lifecycle react-app@1.0.0~prewatch-client: react-app@1.0.0
6 silly lifecycle react-app@1.0.0~prewatch-client: no script for prewatch-client, continuing
7 info lifecycle react-app@1.0.0~watch-client: react-app@1.0.0
8 verbose lifecycle react-app@1.0.0~watch-client: unsafe-perm in lifecycle true
9 verbose lifecycle react-app@1.0.0~watch-client: PATH: /usr/lib/node_modules/npm/bin/node-gyp-bin:/home/alex/work/react-app/node_modules/.bin:/usr/bin:/usr/lib/node_modules/npm/bin/node-gyp-bin:/home/alex/work/react-app/node_modules/.bin:/usr/bin:/home/alex/.rvm/gems/ruby-2.3.1/bin:/home/alex/.rvm/gems/ruby-2.3.1@global/bin:/home/alex/.rvm/rubies/ruby-2.3.1/bin:/usr/local/heroku/bin:/usr/local/sbin:/usr/local/bin:/usr/sbin:/usr/bin:/sbin:/bin:/usr/games:/usr/local/games:/home/alex/.rvm/bin:/home/alex/.rvm/bin:/home/alex/.rvm/bin
10 verbose lifecycle react-app@1.0.0~watch-client: CWD: /home/alex/work/react-app
11 silly lifecycle react-app@1.0.0~watch-client: Args: [ '-c', 'better-npm-run watch-client' ]
12 silly lifecycle react-app@1.0.0~watch-client: Returned: code: 1  signal: null
13 info lifecycle react-app@1.0.0~watch-client: Failed to exec watch-client script
14 verbose stack Error: react-app@1.0.0 watch-client: `better-npm-run watch-client`
14 verbose stack Exit status 1
14 verbose stack     at EventEmitter.<anonymous> (/usr/lib/node_modules/npm/lib/utils/lifecycle.js:239:16)
14 verbose stack     at emitTwo (events.js:106:13)
14 verbose stack     at EventEmitter.emit (events.js:191:7)
14 verbose stack     at ChildProcess.<anonymous> (/usr/lib/node_modules/npm/lib/utils/spawn.js:24:14)
14 verbose stack     at emitTwo (events.js:106:13)
14 verbose stack     at ChildProcess.emit (events.js:191:7)
14 verbose stack     at maybeClose (internal/child_process.js:850:16)
14 verbose stack     at Process.ChildProcess._handle.onexit (internal/child_process.js:215:5)
15 verbose pkgid react-app@1.0.0
16 verbose cwd /home/alex/work/react-app
17 error Linux 3.19.0-32-generic
18 error argv "/usr/bin/nodejs" "/usr/bin/npm" "run" "watch-client"
19 error node v6.0.0
20 error npm  v3.8.6
21 error code ELIFECYCLE
22 error react-app@1.0.0 watch-client: `better-npm-run watch-client`
22 error Exit status 1
23 error Failed at the react-app@1.0.0 watch-client script 'better-npm-run watch-client'.
23 error Make sure you have the latest version of node.js and npm installed.
23 error If you do, this is most likely a problem with the react-app package,
23 error not with npm itself.
23 error Tell the author that this fails on your system:
23 error     better-npm-run watch-client
23 error You can get information on how to open an issue for this project with:
23 error     npm bugs react-app
23 error Or if that isn't available, you can get their info via:
23 error     npm owner ls react-app
23 error There is likely additional logging output above.
24 verbose exit [ 1, true ]
